0 info it worked if it ends with ok
1 verbose cli [ '/Users/tharwin/.nvm/versions/node/v5.5.0/bin/node',
1 verbose cli   '/Users/tharwin/.nvm/versions/node/v5.5.0/bin/npm',
1 verbose cli   'run',
1 verbose cli   'test' ]
2 info using npm@3.3.12
3 info using node@v5.5.0
4 verbose run-script [ 'pretest', 'test', 'posttest' ]
5 info lifecycle recipe_runner@0.1.0~pretest: recipe_runner@0.1.0
6 silly lifecycle recipe_runner@0.1.0~pretest: no script for pretest, continuing
7 info lifecycle recipe_runner@0.1.0~test: recipe_runner@0.1.0
8 verbose lifecycle recipe_runner@0.1.0~test: unsafe-perm in lifecycle true
9 verbose lifecycle recipe_runner@0.1.0~test: PATH: /Users/tharwin/.nvm/versions/node/v5.5.0/lib/node_modules/npm/bin/node-gyp-bin:/Users/tharwin/Desktop/RecipeRunner/node_modules/.bin:/Users/tharwin/.nvm/versions/node/v5.5.0/bin:/usr/local/bin:/usr/bin:/bin:/usr/sbin:/sbin:/usr/local/Cellar/maven/3.3.9/bin
10 verbose lifecycle recipe_runner@0.1.0~test: CWD: /Users/tharwin/Desktop/RecipeRunner
11 silly lifecycle recipe_runner@0.1.0~test: Args: [ '-c', 'test' ]
12 silly lifecycle recipe_runner@0.1.0~test: Returned: code: 1  signal: null
13 info lifecycle recipe_runner@0.1.0~test: Failed to exec test script
14 verbose stack Error: recipe_runner@0.1.0 test: `test`
14 verbose stack Exit status 1
14 verbose stack     at EventEmitter.<anonymous> (/Users/tharwin/.nvm/versions/node/v5.5.0/lib/node_modules/npm/lib/utils/lifecycle.js:232:16)
14 verbose stack     at emitTwo (events.js:100:13)
14 verbose stack     at EventEmitter.emit (events.js:185:7)
14 verbose stack     at ChildProcess.<anonymous> (/Users/tharwin/.nvm/versions/node/v5.5.0/lib/node_modules/npm/lib/utils/spawn.js:24:14)
14 verbose stack     at emitTwo (events.js:100:13)
14 verbose stack     at ChildProcess.emit (events.js:185:7)
14 verbose stack     at maybeClose (internal/child_process.js:821:16)
14 verbose stack     at Process.ChildProcess._handle.onexit (internal/child_process.js:211:5)
15 verbose pkgid recipe_runner@0.1.0
16 verbose cwd /Users/tharwin/Desktop/RecipeRunner/src
17 error Darwin 15.2.0
18 error argv "/Users/tharwin/.nvm/versions/node/v5.5.0/bin/node" "/Users/tharwin/.nvm/versions/node/v5.5.0/bin/npm" "run" "test"
19 error node v5.5.0
20 error npm  v3.3.12
21 error code ELIFECYCLE
22 error recipe_runner@0.1.0 test: `test`
22 error Exit status 1
23 error Failed at the recipe_runner@0.1.0 test script 'test'.
23 error Make sure you have the latest version of node.js and npm installed.
23 error If you do, this is most likely a problem with the recipe_runner package,
23 error not with npm itself.
23 error Tell the author that this fails on your system:
23 error     test
23 error You can get their info via:
23 error     npm owner ls recipe_runner
23 error There is likely additional logging output above.
24 verbose exit [ 1, true ]
